This file contains any messages produced by compilers while
running configure, to aid debugging if configure makes a mistake.

It was created by gamehelper configure 0.1, which was
generated by GNU Autoconf 2.69.  Invocation command line was

  $ /home/amalbose/workspace/gamehelper/configure --enable-maintainer-mode CFLAGS=-g -O0 CXXFLAGS=-g -O0 JFLAGS=-g -O0 FFLAGS=-g -O0

## --------- ##
## Platform. ##
## --------- ##

hostname = axahome
uname -m = i686
uname -r = 3.5.0-15-generic
uname -s = Linux
uname -v = #22-Ubuntu SMP Wed Sep 19 20:06:19 UTC 2012

/usr/bin/uname -p = unknown
/bin/uname -X     = unknown

/bin/arch              = unknown
/usr/bin/arch -k       = unknown
/usr/convex/getsysinfo = unknown
/usr/bin/hostinfo      = unknown
/bin/machine           = unknown
/usr/bin/oslevel       = unknown
/bin/universe          = unknown

PATH: /usr/lib/lightdm/lightdm
PATH: /usr/local/sbin
PATH: /usr/local/bin
PATH: /usr/sbin
PATH: /usr/bin
PATH: /sbin
PATH: /bin
PATH: /usr/games
PATH: /usr/local/games


## ----------- ##
## Core tests. ##
## ----------- ##

configure:2448: checking for a BSD-compatible install
configure:2516: result: /usr/bin/install -c
configure:2527: checking whether build environment is sane
configure:2577: result: yes
configure:2718: checking for a thread-safe mkdir -p
configure:2757: result: /bin/mkdir -p
configure:2770: checking for gawk
configure:2786: found /usr/bin/gawk
configure:2797: result: gawk
configure:2808: checking whether make sets $(MAKE)
configure:2830: result: yes
configure:2922: checking whether make supports nested variables
configure:2939: result: yes
configure:3009: checking for g++
configure:3025: found /usr/bin/g++
configure:3036: result: g++
configure:3063: checking for C++ compiler version
configure:3072: g++ --version >&5
g++ (Ubuntu/Linaro 4.7.2-1ubuntu1) 4.7.2
Copyright (C) 2012 Free Software Foundation, Inc.
This is free software; see the source for copying conditions.  There is NO
warranty; not even for MERCHANTABILITY or FITNESS FOR A PARTICULAR PURPOSE.

configure:3083: $? = 0
configure:3072: g++ -v >&5
Using built-in specs.
COLLECT_GCC=g++
COLLECT_LTO_WRAPPER=/usr/lib/gcc/i686-linux-gnu/4.7/lto-wrapper
Target: i686-linux-gnu
Configured with: ../src/configure -v --with-pkgversion='Ubuntu/Linaro 4.7.2-1ubuntu1' --with-bugurl=file:///usr/share/doc/gcc-4.7/README.Bugs --enable-languages=c,c++,go,fortran,objc,obj-c++ --prefix=/usr --program-suffix=-4.7 --enable-shared --enable-linker-build-id --with-system-zlib --libexecdir=/usr/lib --without-included-gettext --enable-threads=posix --with-gxx-include-dir=/usr/include/c++/4.7 --libdir=/usr/lib --enable-nls --with-sysroot=/ --enable-clocale=gnu --enable-libstdcxx-debug --enable-libstdcxx-time=yes --enable-gnu-unique-object --enable-plugin --enable-objc-gc --enable-targets=all --disable-werror --with-arch-32=i686 --with-tune=generic --enable-checking=release --build=i686-linux-gnu --host=i686-linux-gnu --target=i686-linux-gnu
Thread model: posix
gcc version 4.7.2 (Ubuntu/Linaro 4.7.2-1ubuntu1) 
configure:3083: $? = 0
configure:3072: g++ -V >&5
g++: error: unrecognized command line option '-V'
g++: fatal error: no input files
compilation terminated.
configure:3083: $? = 4
configure:3072: g++ -qversion >&5
g++: error: unrecognized command line option '-qversion'
g++: fatal error: no input files
compilation terminated.
configure:3083: $? = 4
configure:3103: checking whether the C++ compiler works
configure:3125: g++ -g -O0   conftest.cpp  >&5
configure:3129: $? = 0
configure:3177: result: yes
configure:3180: checking for C++ compiler default output file name
configure:3182: result: a.out
configure:3188: checking for suffix of executables
configure:3195: g++ -o conftest -g -O0   conftest.cpp  >&5
configure:3199: $? = 0
configure:3221: result: 
configure:3243: checking whether we are cross compiling
configure:3251: g++ -o conftest -g -O0   conftest.cpp  >&5
configure:3255: $? = 0
configure:3262: ./conftest
configure:3266: $? = 0
configure:3281: result: no
configure:3286: checking for suffix of object files
configure:3308: g++ -c -g -O0  conftest.cpp >&5
configure:3312: $? = 0
configure:3333: result: o
configure:3337: checking whether we are using the GNU C++ compiler
configure:3356: g++ -c -g -O0  conftest.cpp >&5
configure:3356: $? = 0
configure:3365: result: yes
configure:3374: checking whether g++ accepts -g
configure:3394: g++ -c -g  conftest.cpp >&5
configure:3394: $? = 0
configure:3435: result: yes
configure:3469: checking for style of include used by make
configure:3497: result: GNU
configure:3523: checking dependency style of g++
configure:3634: result: gcc3
configure:3654: checking whether NLS is requested
configure:3663: result: yes
configure:3715: checking for gcc
configure:3731: found /usr/bin/gcc
configure:3742: result: gcc
configure:3971: checking for C compiler version
configure:3980: gcc --version >&5
gcc (Ubuntu/Linaro 4.7.2-1ubuntu1) 4.7.2
Copyright (C) 2012 Free Software Foundation, Inc.
This is free software; see the source for copying conditions.  There is NO
warranty; not even for MERCHANTABILITY or FITNESS FOR A PARTICULAR PURPOSE.

configure:3991: $? = 0
configure:3980: gcc -v >&5
Using built-in specs.
COLLECT_GCC=gcc
COLLECT_LTO_WRAPPER=/usr/lib/gcc/i686-linux-gnu/4.7/lto-wrapper
Target: i686-linux-gnu
Configured with: ../src/configure -v --with-pkgversion='Ubuntu/Linaro 4.7.2-1ubuntu1' --with-bugurl=file:///usr/share/doc/gcc-4.7/README.Bugs --enable-languages=c,c++,go,fortran,objc,obj-c++ --prefix=/usr --program-suffix=-4.7 --enable-shared --enable-linker-build-id --with-system-zlib --libexecdir=/usr/lib --without-included-gettext --enable-threads=posix --with-gxx-include-dir=/usr/include/c++/4.7 --libdir=/usr/lib --enable-nls --with-sysroot=/ --enable-clocale=gnu --enable-libstdcxx-debug --enable-libstdcxx-time=yes --enable-gnu-unique-object --enable-plugin --enable-objc-gc --enable-targets=all --disable-werror --with-arch-32=i686 --with-tune=generic --enable-checking=release --build=i686-linux-gnu --host=i686-linux-gnu --target=i686-linux-gnu
Thread model: posix
gcc version 4.7.2 (Ubuntu/Linaro 4.7.2-1ubuntu1) 
configure:3991: $? = 0
configure:3980: gcc -V >&5
gcc: error: unrecognized command line option '-V'
gcc: fatal error: no input files
compilation terminated.
configure:3991: $? = 4
configure:3980: gcc -qversion >&5
gcc: error: unrecognized command line option '-qversion'
gcc: fatal error: no input files
compilation terminated.
configure:3991: $? = 4
configure:3995: checking whether we are using the GNU C compiler
configure:4014: gcc -c -g -O0  conftest.c >&5
configure:4014: $? = 0
configure:4023: result: yes
configure:4032: checking whether gcc accepts -g
configure:4052: gcc -c -g  conftest.c >&5
configure:4052: $? = 0
configure:4093: result: yes
configure:4110: checking for gcc option to accept ISO C89
configure:4173: gcc  -c -g -O0  conftest.c >&5
configure:4173: $? = 0
configure:4186: result: none needed
configure:4208: checking dependency style of gcc
configure:4319: result: gcc3
configure:4349: checking for intltool >= 0.35.0
configure:4351: result: 0.50.2 found
configure:4359: checking for intltool-update
configure:4377: found /usr/bin/intltool-update
configure:4389: result: /usr/bin/intltool-update
configure:4399: checking for intltool-merge
configure:4417: found /usr/bin/intltool-merge
configure:4429: result: /usr/bin/intltool-merge
configure:4439: checking for intltool-extract
configure:4457: found /usr/bin/intltool-extract
configure:4469: result: /usr/bin/intltool-extract
configure:4623: checking for xgettext
configure:4641: found /usr/bin/xgettext
configure:4653: result: /usr/bin/xgettext
configure:4663: checking for msgmerge
configure:4681: found /usr/bin/msgmerge
configure:4693: result: /usr/bin/msgmerge
configure:4703: checking for msgfmt
configure:4721: found /usr/bin/msgfmt
configure:4733: result: /usr/bin/msgfmt
configure:4743: checking for gmsgfmt
configure:4774: result: /usr/bin/msgfmt
configure:4794: checking for perl
configure:4812: found /usr/bin/perl
configure:4824: result: /usr/bin/perl
configure:4835: checking for perl >= 5.8.1
configure:4842: result: 5.14.2
configure:4846: checking for XML::Parser
configure:4849: result: ok
configure:4874: gcc -o conftest -g -O0   conftest.c  >&5
configure:4874: $? = 0
configure:4913: checking how to run the C preprocessor
configure:4944: gcc -E  conftest.c
configure:4944: $? = 0
configure:4958: gcc -E  conftest.c
conftest.c:12:28: fatal error: ac_nonexistent.h: No such file or directory
compilation terminated.
configure:4958: $? = 1
configure: failed program was:
| /* confdefs.h */
| #define PACKAGE_NAME "gamehelper"
| #define PACKAGE_TARNAME "gamehelper"
| #define PACKAGE_VERSION "0.1"
| #define PACKAGE_STRING "gamehelper 0.1"
| #define PACKAGE_BUGREPORT ""
| #define PACKAGE_URL ""
| #define PACKAGE "gamehelper"
| #define VERSION "0.1"
| #define GETTEXT_PACKAGE "gamehelper"
| /* end confdefs.h.  */
| #include <ac_nonexistent.h>
configure:4983: result: gcc -E
configure:5003: gcc -E  conftest.c
configure:5003: $? = 0
configure:5017: gcc -E  conftest.c
conftest.c:12:28: fatal error: ac_nonexistent.h: No such file or directory
compilation terminated.
configure:5017: $? = 1
configure: failed program was:
| /* confdefs.h */
| #define PACKAGE_NAME "gamehelper"
| #define PACKAGE_TARNAME "gamehelper"
| #define PACKAGE_VERSION "0.1"
| #define PACKAGE_STRING "gamehelper 0.1"
| #define PACKAGE_BUGREPORT ""
| #define PACKAGE_URL ""
| #define PACKAGE "gamehelper"
| #define VERSION "0.1"
| #define GETTEXT_PACKAGE "gamehelper"
| /* end confdefs.h.  */
| #include <ac_nonexistent.h>
configure:5046: checking for grep that handles long lines and -e
configure:5104: result: /bin/grep
configure:5109: checking for egrep
configure:5171: result: /bin/grep -E
configure:5176: checking for ANSI C header files
configure:5196: gcc -c -g -O0  conftest.c >&5
configure:5196: $? = 0
configure:5269: gcc -o conftest -g -O0   conftest.c  >&5
configure:5269: $? = 0
configure:5269: ./conftest
configure:5269: $? = 0
configure:5280: result: yes
configure:5293: checking for sys/types.h
configure:5293: gcc -c -g -O0  conftest.c >&5
configure:5293: $? = 0
configure:5293: result: yes
configure:5293: checking for sys/stat.h
configure:5293: gcc -c -g -O0  conftest.c >&5
configure:5293: $? = 0
configure:5293: result: yes
configure:5293: checking for stdlib.h
configure:5293: gcc -c -g -O0  conftest.c >&5
configure:5293: $? = 0
configure:5293: result: yes
configure:5293: checking for string.h
configure:5293: gcc -c -g -O0  conftest.c >&5
configure:5293: $? = 0
configure:5293: result: yes
configure:5293: checking for memory.h
configure:5293: gcc -c -g -O0  conftest.c >&5
configure:5293: $? = 0
configure:5293: result: yes
configure:5293: checking for strings.h
configure:5293: gcc -c -g -O0  conftest.c >&5
configure:5293: $? = 0
configure:5293: result: yes
configure:5293: checking for inttypes.h
configure:5293: gcc -c -g -O0  conftest.c >&5
configure:5293: $? = 0
configure:5293: result: yes
configure:5293: checking for stdint.h
configure:5293: gcc -c -g -O0  conftest.c >&5
configure:5293: $? = 0
configure:5293: result: yes
configure:5293: checking for unistd.h
configure:5293: gcc -c -g -O0  conftest.c >&5
configure:5293: $? = 0
configure:5293: result: yes
configure:5308: checking locale.h usability
configure:5308: gcc -c -g -O0  conftest.c >&5
configure:5308: $? = 0
configure:5308: result: yes
configure:5308: checking locale.h presence
configure:5308: gcc -E  conftest.c
configure:5308: $? = 0
configure:5308: result: yes
configure:5308: checking for locale.h
configure:5308: result: yes
configure:5319: checking for LC_MESSAGES
configure:5335: gcc -o conftest -g -O0   conftest.c  >&5
configure:5335: $? = 0
configure:5343: result: yes
configure:5360: checking libintl.h usability
configure:5360: gcc -c -g -O0  conftest.c >&5
configure:5360: $? = 0
configure:5360: result: yes
configure:5360: checking libintl.h presence
configure:5360: gcc -E  conftest.c
configure:5360: $? = 0
configure:5360: result: yes
configure:5360: checking for libintl.h
configure:5360: result: yes
configure:5368: checking for ngettext in libc
configure:5386: gcc -o conftest -g -O0   conftest.c  >&5
configure:5386: $? = 0
configure:5395: result: yes
configure:5399: checking for dgettext in libc
configure:5417: gcc -o conftest -g -O0   conftest.c  >&5
configure:5417: $? = 0
configure:5426: result: yes
configure:5433: checking for bind_textdomain_codeset
configure:5433: gcc -o conftest -g -O0   conftest.c  >&5
configure:5433: $? = 0
configure:5433: result: yes
configure:5709: checking for msgfmt
configure:5736: result: /usr/bin/msgfmt
configure:5747: checking for dcgettext
configure:5747: gcc -o conftest -g -O0   conftest.c   >&5
conftest.c:49:6: warning: conflicting types for built-in function 'dcgettext' [enabled by default]
configure:5747: $? = 0
configure:5747: result: yes
configure:5757: checking if msgfmt accepts -c
configure:5772: $MSGFMT -c -o /dev/null conftest.foo
configure:5775: $? = 0
configure:5777: result: yes
configure:5787: checking for gmsgfmt
configure:5818: result: /usr/bin/msgfmt
configure:5828: checking for xgettext
configure:5855: result: /usr/bin/xgettext
configure:5874: gcc -o conftest -g -O0   conftest.c   >&5
configure:5874: $? = 0
configure:6045: checking build system type
configure:6059: result: i686-pc-linux-gnu
configure:6079: checking host system type
configure:6092: result: i686-pc-linux-gnu
configure:6133: checking how to print strings
configure:6160: result: printf
configure:6181: checking for a sed that does not truncate output
configure:6245: result: /bin/sed
configure:6263: checking for fgrep
configure:6325: result: /bin/grep -F
configure:6360: checking for ld used by gcc
configure:6427: result: /usr/bin/ld
configure:6434: checking if the linker (/usr/bin/ld) is GNU ld
configure:6449: result: yes
configure:6461: checking for BSD- or MS-compatible name lister (nm)
configure:6510: result: /usr/bin/nm -B
configure:6640: checking the name lister (/usr/bin/nm -B) interface
configure:6647: gcc -c -g -O0  conftest.c >&5
configure:6650: /usr/bin/nm -B "conftest.o"
configure:6653: output
00000000 B some_variable
configure:6660: result: BSD nm
configure:6663: checking whether ln -s works
configure:6667: result: yes
configure:6675: checking the maximum length of command line arguments
configure:6805: result: 1572864
configure:6822: checking whether the shell understands some XSI constructs
configure:6832: result: yes
configure:6836: checking whether the shell understands "+="
configure:6842: result: yes
configure:6877: checking how to convert i686-pc-linux-gnu file names to i686-pc-linux-gnu format
configure:6917: result: func_convert_file_noop
configure:6924: checking how to convert i686-pc-linux-gnu file names to toolchain format
configure:6944: result: func_convert_file_noop
configure:6951: checking for /usr/bin/ld option to reload object files
configure:6958: result: -r
configure:7032: checking for objdump
configure:7048: found /usr/bin/objdump
configure:7059: result: objdump
configure:7091: checking how to recognize dependent libraries
configure:7293: result: pass_all
configure:7378: checking for dlltool
configure:7408: result: no
configure:7438: checking how to associate runtime and link libraries
configure:7465: result: printf %s\n
configure:7525: checking for ar
configure:7541: found /usr/bin/ar
configure:7552: result: ar
configure:7589: checking for archiver @FILE support
configure:7606: gcc -c -g -O0  conftest.c >&5
configure:7606: $? = 0
configure:7609: ar cru libconftest.a @conftest.lst >&5
configure:7612: $? = 0
configure:7617: ar cru libconftest.a @conftest.lst >&5
ar: conftest.o: No such file or directory
configure:7620: $? = 1
configure:7632: result: @
configure:7690: checking for strip
configure:7706: found /usr/bin/strip
configure:7717: result: strip
configure:7789: checking for ranlib
configure:7805: found /usr/bin/ranlib
configure:7816: result: ranlib
configure:7918: checking command to parse /usr/bin/nm -B output from gcc object
configure:8038: gcc -c -g -O0  conftest.c >&5
configure:8041: $? = 0
configure:8045: /usr/bin/nm -B conftest.o \| sed -n -e 's/^.*[ ]\([ABCDGIRSTW][ABCDGIRSTW]*\)[ ][ ]*\([_A-Za-z][_A-Za-z0-9]*\)$/\1 \2 \2/p' | sed '/ __gnu_lto/d' \> conftest.nm
configure:8048: $? = 0
configure:8114: gcc -o conftest -g -O0   conftest.c conftstm.o >&5
configure:8117: $? = 0
configure:8155: result: ok
configure:8192: checking for sysroot
configure:8222: result: no
configure:8478: checking for mt
configure:8494: found /bin/mt
configure:8505: result: mt
configure:8528: checking if mt is a manifest tool
configure:8534: mt '-?'
configure:8542: result: no
configure:9181: checking for dlfcn.h
configure:9181: gcc -c -g -O0  conftest.c >&5
configure:9181: $? = 0
configure:9181: result: yes
configure:9398: checking for objdir
configure:9413: result: .libs
configure:9680: checking if gcc supports -fno-rtti -fno-exceptions
configure:9698: gcc -c -g -O0  -fno-rtti -fno-exceptions conftest.c >&5
cc1: warning: command line option '-fno-rtti' is valid for C++/ObjC++ but not for C [enabled by default]
configure:9702: $? = 0
configure:9715: result: no
configure:10042: checking for gcc option to produce PIC
configure:10049: result: -fPIC -DPIC
configure:10057: checking if gcc PIC flag -fPIC -DPIC works
configure:10075: gcc -c -g -O0  -fPIC -DPIC -DPIC conftest.c >&5
configure:10079: $? = 0
configure:10092: result: yes
configure:10121: checking if gcc static flag -static works
configure:10149: result: yes
configure:10164: checking if gcc supports -c -o file.o
configure:10185: gcc -c -g -O0  -o out/conftest2.o conftest.c >&5
configure:10189: $? = 0
configure:10211: result: yes
configure:10219: checking if gcc supports -c -o file.o
configure:10266: result: yes
configure:10299: checking whether the gcc linker (/usr/bin/ld) supports shared libraries
configure:11456: result: yes
configure:11493: checking whether -lc should be explicitly linked in
configure:11501: gcc -c -g -O0  conftest.c >&5
configure:11504: $? = 0
configure:11519: gcc -shared  -fPIC -DPIC conftest.o  -v -Wl,-soname -Wl,conftest -o conftest 2\>\&1 \| /bin/grep  -lc  \>/dev/null 2\>\&1
configure:11522: $? = 0
configure:11536: result: no
configure:11696: checking dynamic linker characteristics
configure:12207: gcc -o conftest -g -O0   -Wl,-rpath -Wl,/foo conftest.c  >&5
configure:12207: $? = 0
configure:12441: result: GNU/Linux ld.so
configure:12548: checking how to hardcode library paths into programs
configure:12573: result: immediate
configure:13113: checking whether stripping libraries is possible
configure:13118: result: yes
configure:13153: checking if libtool supports shared libraries
configure:13155: result: yes
configure:13158: checking whether to build shared libraries
configure:13179: result: yes
configure:13182: checking whether to build static libraries
configure:13186: result: yes
configure:13209: checking how to run the C++ preprocessor
configure:13236: g++ -E  conftest.cpp
configure:13236: $? = 0
configure:13250: g++ -E  conftest.cpp
conftest.cpp:30:28: fatal error: ac_nonexistent.h: No such file or directory
compilation terminated.
configure:13250: $? = 1
configure: failed program was:
| /* confdefs.h */
| #define PACKAGE_NAME "gamehelper"
| #define PACKAGE_TARNAME "gamehelper"
| #define PACKAGE_VERSION "0.1"
| #define PACKAGE_STRING "gamehelper 0.1"
| #define PACKAGE_BUGREPORT ""
| #define PACKAGE_URL ""
| #define PACKAGE "gamehelper"
| #define VERSION "0.1"
| #define GETTEXT_PACKAGE "gamehelper"
| #define STDC_HEADERS 1
| #define HAVE_SYS_TYPES_H 1
| #define HAVE_SYS_STAT_H 1
| #define HAVE_STDLIB_H 1
| #define HAVE_STRING_H 1
| #define HAVE_MEMORY_H 1
| #define HAVE_STRINGS_H 1
| #define HAVE_INTTYPES_H 1
| #define HAVE_STDINT_H 1
| #define HAVE_UNISTD_H 1
| #define HAVE_LOCALE_H 1
| #define HAVE_LC_MESSAGES 1
| #define HAVE_BIND_TEXTDOMAIN_CODESET 1
| #define HAVE_GETTEXT 1
| #define HAVE_DCGETTEXT 1
| #define ENABLE_NLS 1
| #define HAVE_DLFCN_H 1
| #define LT_OBJDIR ".libs/"
| /* end confdefs.h.  */
| #include <ac_nonexistent.h>
configure:13275: result: g++ -E
configure:13295: g++ -E  conftest.cpp
configure:13295: $? = 0
configure:13309: g++ -E  conftest.cpp
conftest.cpp:30:28: fatal error: ac_nonexistent.h: No such file or directory
compilation terminated.
configure:13309: $? = 1
configure: failed program was:
| /* confdefs.h */
| #define PACKAGE_NAME "gamehelper"
| #define PACKAGE_TARNAME "gamehelper"
| #define PACKAGE_VERSION "0.1"
| #define PACKAGE_STRING "gamehelper 0.1"
| #define PACKAGE_BUGREPORT ""
| #define PACKAGE_URL ""
| #define PACKAGE "gamehelper"
| #define VERSION "0.1"
| #define GETTEXT_PACKAGE "gamehelper"
| #define STDC_HEADERS 1
| #define HAVE_SYS_TYPES_H 1
| #define HAVE_SYS_STAT_H 1
| #define HAVE_STDLIB_H 1
| #define HAVE_STRING_H 1
| #define HAVE_MEMORY_H 1
| #define HAVE_STRINGS_H 1
| #define HAVE_INTTYPES_H 1
| #define HAVE_STDINT_H 1
| #define HAVE_UNISTD_H 1
| #define HAVE_LOCALE_H 1
| #define HAVE_LC_MESSAGES 1
| #define HAVE_BIND_TEXTDOMAIN_CODESET 1
| #define HAVE_GETTEXT 1
| #define HAVE_DCGETTEXT 1
| #define ENABLE_NLS 1
| #define HAVE_DLFCN_H 1
| #define LT_OBJDIR ".libs/"
| /* end confdefs.h.  */
| #include <ac_nonexistent.h>
configure:13478: checking for ld used by g++
configure:13545: result: /usr/bin/ld
configure:13552: checking if the linker (/usr/bin/ld) is GNU ld
configure:13567: result: yes
configure:13622: checking whether the g++ linker (/usr/bin/ld) supports shared libraries
configure:14627: result: yes
configure:14663: g++ -c -g -O0  conftest.cpp >&5
configure:14666: $? = 0
configure:15186: checking for g++ option to produce PIC
configure:15193: result: -fPIC -DPIC
configure:15201: checking if g++ PIC flag -fPIC -DPIC works
configure:15219: g++ -c -g -O0  -fPIC -DPIC -DPIC conftest.cpp >&5
configure:15223: $? = 0
configure:15236: result: yes
configure:15259: checking if g++ static flag -static works
configure:15287: result: yes
configure:15299: checking if g++ supports -c -o file.o
configure:15320: g++ -c -g -O0  -o out/conftest2.o conftest.cpp >&5
configure:15324: $? = 0
configure:15346: result: yes
configure:15351: checking if g++ supports -c -o file.o
configure:15398: result: yes
configure:15428: checking whether the g++ linker (/usr/bin/ld) supports shared libraries
configure:15467: result: yes
configure:15608: checking dynamic linker characteristics
configure:16287: result: GNU/Linux ld.so
configure:16340: checking how to hardcode library paths into programs
configure:16365: result: immediate
configure:16483: checking for pkg-config
configure:16501: found /usr/bin/pkg-config
configure:16513: result: /usr/bin/pkg-config
configure:16538: checking pkg-config is at least version 0.9.0
configure:16541: result: yes
configure:16551: checking for GAMEHELPER
configure:16558: $PKG_CONFIG --exists --print-errors "gl sdl SDL_image "
configure:16561: $? = 0
configure:16575: $PKG_CONFIG --exists --print-errors "gl sdl SDL_image "
configure:16578: $? = 0
configure:16636: result: yes
configure:16784: creating ./config.status

## ---------------------- ##
## Running config.status. ##
## ---------------------- ##

This file was extended by gamehelper config.status 0.1, which was
generated by GNU Autoconf 2.69.  Invocation command line was

  CONFIG_FILES    = 
  CONFIG_HEADERS  = 
  CONFIG_LINKS    = 
  CONFIG_COMMANDS = 
  $ ./config.status 

on axahome

config.status:1227: creating Makefile
config.status:1227: creating src/Makefile
config.status:1227: creating po/Makefile.in
config.status:1227: creating config.h
config.status:1441: executing depfiles commands
config.status:1441: executing default-1 commands
config.status:1441: executing libtool commands
config.status:1441: executing po/stamp-it commands
configure:19299: WARNING: unrecognized options: --enable-maintainer-mode

## ---------------- ##
## Cache variables. ##
## ---------------- ##

ac_cv_build=i686-pc-linux-gnu
ac_cv_c_compiler_gnu=yes
ac_cv_cxx_compiler_gnu=yes
ac_cv_env_CCC_set=
ac_cv_env_CCC_value=
ac_cv_env_CC_set=
ac_cv_env_CC_value=
ac_cv_env_CFLAGS_set=set
ac_cv_env_CFLAGS_value='-g -O0'
ac_cv_env_CPPFLAGS_set=
ac_cv_env_CPPFLAGS_value=
ac_cv_env_CPP_set=
ac_cv_env_CPP_value=
ac_cv_env_CXXCPP_set=
ac_cv_env_CXXCPP_value=
ac_cv_env_CXXFLAGS_set=set
ac_cv_env_CXXFLAGS_value='-g -O0'
ac_cv_env_CXX_set=
ac_cv_env_CXX_value=
ac_cv_env_GAMEHELPER_CFLAGS_set=
ac_cv_env_GAMEHELPER_CFLAGS_value=
ac_cv_env_GAMEHELPER_LIBS_set=
ac_cv_env_GAMEHELPER_LIBS_value=
ac_cv_env_LDFLAGS_set=
ac_cv_env_LDFLAGS_value=
ac_cv_env_LIBS_set=
ac_cv_env_LIBS_value=
ac_cv_env_PKG_CONFIG_LIBDIR_set=
ac_cv_env_PKG_CONFIG_LIBDIR_value=
ac_cv_env_PKG_CONFIG_PATH_set=
ac_cv_env_PKG_CONFIG_PATH_value=
ac_cv_env_PKG_CONFIG_set=
ac_cv_env_PKG_CONFIG_value=
ac_cv_env_build_alias_set=
ac_cv_env_build_alias_value=
ac_cv_env_host_alias_set=
ac_cv_env_host_alias_value=
ac_cv_env_target_alias_set=
ac_cv_env_target_alias_value=
ac_cv_func_bind_textdomain_codeset=yes
ac_cv_func_dcgettext=yes
ac_cv_header_dlfcn_h=yes
ac_cv_header_inttypes_h=yes
ac_cv_header_libintl_h=yes
ac_cv_header_locale_h=yes
ac_cv_header_memory_h=yes
ac_cv_header_stdc=yes
ac_cv_header_stdint_h=yes
ac_cv_header_stdlib_h=yes
ac_cv_header_string_h=yes
ac_cv_header_strings_h=yes
ac_cv_header_sys_stat_h=yes
ac_cv_header_sys_types_h=yes
ac_cv_header_unistd_h=yes
ac_cv_host=i686-pc-linux-gnu
ac_cv_objext=o
ac_cv_path_EGREP='/bin/grep -E'
ac_cv_path_FGREP='/bin/grep -F'
ac_cv_path_GMSGFMT=/usr/bin/msgfmt
ac_cv_path_GREP=/bin/grep
ac_cv_path_INTLTOOL_EXTRACT=/usr/bin/intltool-extract
ac_cv_path_INTLTOOL_MERGE=/usr/bin/intltool-merge
ac_cv_path_INTLTOOL_PERL=/usr/bin/perl
ac_cv_path_INTLTOOL_UPDATE=/usr/bin/intltool-update
ac_cv_path_MSGFMT=/usr/bin/msgfmt
ac_cv_path_MSGMERGE=/usr/bin/msgmerge
ac_cv_path_SED=/bin/sed
ac_cv_path_XGETTEXT=/usr/bin/xgettext
ac_cv_path_ac_pt_PKG_CONFIG=/usr/bin/pkg-config
ac_cv_path_install='/usr/bin/install -c'
ac_cv_path_mkdir=/bin/mkdir
ac_cv_prog_AWK=gawk
ac_cv_prog_CPP='gcc -E'
ac_cv_prog_CXXCPP='g++ -E'
ac_cv_prog_ac_ct_AR=ar
ac_cv_prog_ac_ct_CC=gcc
ac_cv_prog_ac_ct_CXX=g++
ac_cv_prog_ac_ct_MANIFEST_TOOL=mt
ac_cv_prog_ac_ct_OBJDUMP=objdump
ac_cv_prog_ac_ct_RANLIB=ranlib
ac_cv_prog_ac_ct_STRIP=strip
ac_cv_prog_cc_c89=
ac_cv_prog_cc_g=yes
ac_cv_prog_cxx_g=yes
ac_cv_prog_make_make_set=yes
am_cv_CC_dependencies_compiler_type=gcc3
am_cv_CXX_dependencies_compiler_type=gcc3
am_cv_make_support_nested_variables=yes
am_cv_val_LC_MESSAGES=yes
gt_cv_func_dgettext_libc=yes
gt_cv_func_dgettext_libintl=no
gt_cv_func_ngettext_libc=yes
gt_cv_have_gettext=yes
lt_cv_ar_at_file=@
lt_cv_archive_cmds_need_lc=no
lt_cv_deplibs_check_method=pass_all
lt_cv_file_magic_cmd='$MAGIC_CMD'
lt_cv_file_magic_test_file=
lt_cv_ld_reload_flag=-r
lt_cv_nm_interface='BSD nm'
lt_cv_objdir=.libs
lt_cv_path_LD=/usr/bin/ld
lt_cv_path_LDCXX=/usr/bin/ld
lt_cv_path_NM='/usr/bin/nm -B'
lt_cv_path_mainfest_tool=no
lt_cv_prog_compiler_c_o=yes
lt_cv_prog_compiler_c_o_CXX=yes
lt_cv_prog_compiler_pic='-fPIC -DPIC'
lt_cv_prog_compiler_pic_CXX='-fPIC -DPIC'
lt_cv_prog_compiler_pic_works=yes
lt_cv_prog_compiler_pic_works_CXX=yes
lt_cv_prog_compiler_rtti_exceptions=no
lt_cv_prog_compiler_static_works=yes
lt_cv_prog_compiler_static_works_CXX=yes
lt_cv_prog_gnu_ld=yes
lt_cv_prog_gnu_ldcxx=yes
lt_cv_sharedlib_from_linklib_cmd='printf %s\n'
lt_cv_shlibpath_overrides_runpath=no
lt_cv_sys_global_symbol_pipe='sed -n -e '\''s/^.*[	 ]\([ABCDGIRSTW][ABCDGIRSTW]*\)[	 ][	 ]*\([_A-Za-z][_A-Za-z0-9]*\)$/\1 \2 \2/p'\'' | sed '\''/ __gnu_lto/d'\'''
lt_cv_sys_global_symbol_to_c_name_address='sed -n -e '\''s/^: \([^ ]*\)[ ]*$/  {\"\1\", (void *) 0},/p'\'' -e '\''s/^[ABCDGIRSTW]* \([^ ]*\) \([^ ]*\)$/  {"\2", (void *) \&\2},/p'\'''
lt_cv_sys_global_symbol_to_c_name_address_lib_prefix='sed -n -e '\''s/^: \([^ ]*\)[ ]*$/  {\"\1\", (void *) 0},/p'\'' -e '\''s/^[ABCDGIRSTW]* \([^ ]*\) \(lib[^ ]*\)$/  {"\2", (void *) \&\2},/p'\'' -e '\''s/^[ABCDGIRSTW]* \([^ ]*\) \([^ ]*\)$/  {"lib\2", (void *) \&\2},/p'\'''
lt_cv_sys_global_symbol_to_cdecl='sed -n -e '\''s/^T .* \(.*\)$/extern int \1();/p'\'' -e '\''s/^[ABCDGIRSTW]* .* \(.*\)$/extern char \1;/p'\'''
lt_cv_sys_max_cmd_len=1572864
lt_cv_to_host_file_cmd=func_convert_file_noop
lt_cv_to_tool_file_cmd=func_convert_file_noop
pkg_cv_GAMEHELPER_CFLAGS='-D_GNU_SOURCE=1 -D_REENTRANT -I/usr/include/libdrm -I/usr/include/SDL  '
pkg_cv_GAMEHELPER_LIBS='-lGL -lSDL_image -lSDL  '

## ----------------- ##
## Output variables. ##
## ----------------- ##

ACLOCAL='${SHELL} /home/amalbose/workspace/gamehelper/missing --run aclocal-1.11'
ALL_LINGUAS=''
AMDEPBACKSLASH='\'
AMDEP_FALSE='#'
AMDEP_TRUE=''
AMTAR='$${TAR-tar}'
AM_BACKSLASH='\'
AM_DEFAULT_V='$(AM_DEFAULT_VERBOSITY)'
AM_DEFAULT_VERBOSITY='0'
AM_V='$(V)'
AR='ar'
AUTOCONF='${SHELL} /home/amalbose/workspace/gamehelper/missing --run autoconf'
AUTOHEADER='${SHELL} /home/amalbose/workspace/gamehelper/missing --run autoheader'
AUTOMAKE='${SHELL} /home/amalbose/workspace/gamehelper/missing --run automake-1.11'
AWK='gawk'
CATALOGS=''
CATOBJEXT='.gmo'
CC='gcc'
CCDEPMODE='depmode=gcc3'
CFLAGS='-g -O0'
CPP='gcc -E'
CPPFLAGS=''
CXX='g++'
CXXCPP='g++ -E'
CXXDEPMODE='depmode=gcc3'
CXXFLAGS='-g -O0'
CYGPATH_W='echo'
DATADIRNAME='share'
DEFS='-DHAVE_CONFIG_H'
DEPDIR='.deps'
DLLTOOL='false'
DSYMUTIL=''
DUMPBIN=''
ECHO_C=''
ECHO_N='-n'
ECHO_T=''
EGREP='/bin/grep -E'
EXEEXT=''
FGREP='/bin/grep -F'
GAMEHELPER_CFLAGS='-D_GNU_SOURCE=1 -D_REENTRANT -I/usr/include/libdrm -I/usr/include/SDL  '
GAMEHELPER_LIBS='-lGL -lSDL_image -lSDL  '
GETTEXT_PACKAGE='gamehelper'
GMOFILES=''
GMSGFMT='/usr/bin/msgfmt'
GREP='/bin/grep'
INSTALL_DATA='${INSTALL} -m 644'
INSTALL_PROGRAM='${INSTALL}'
INSTALL_SCRIPT='${INSTALL}'
INSTALL_STRIP_PROGRAM='$(install_sh) -c -s'
INSTOBJEXT='.mo'
INTLLIBS=''
INTLTOOL_CAVES_RULE='%.caves:     %.caves.in     $(INTLTOOL_MERGE) $(wildcard $(top_srcdir)/po/*.po) ; $(INTLTOOL_V_MERGE)LC_ALL=C $(INTLTOOL_MERGE) $(INTLTOOL_V_MERGE_OPTIONS) -d -u -c $(top_builddir)/po/.intltool-merge-cache $(top_srcdir)/po $< $@'
INTLTOOL_DESKTOP_RULE='%.desktop:   %.desktop.in   $(INTLTOOL_MERGE) $(wildcard $(top_srcdir)/po/*.po) ; $(INTLTOOL_V_MERGE)LC_ALL=C $(INTLTOOL_MERGE) $(INTLTOOL_V_MERGE_OPTIONS) -d -u -c $(top_builddir)/po/.intltool-merge-cache $(top_srcdir)/po $< $@'
INTLTOOL_DIRECTORY_RULE='%.directory: %.directory.in $(INTLTOOL_MERGE) $(wildcard $(top_srcdir)/po/*.po) ; $(INTLTOOL_V_MERGE)LC_ALL=C $(INTLTOOL_MERGE) $(INTLTOOL_V_MERGE_OPTIONS) -d -u -c $(top_builddir)/po/.intltool-merge-cache $(top_srcdir)/po $< $@'
INTLTOOL_EXTRACT='/usr/bin/intltool-extract'
INTLTOOL_KBD_RULE='%.kbd:       %.kbd.in       $(INTLTOOL_MERGE) $(wildcard $(top_srcdir)/po/*.po) ; $(INTLTOOL_V_MERGE)LC_ALL=C $(INTLTOOL_MERGE) $(INTLTOOL_V_MERGE_OPTIONS) -x -u -m -c $(top_builddir)/po/.intltool-merge-cache $(top_srcdir)/po $< $@'
INTLTOOL_KEYS_RULE='%.keys:      %.keys.in      $(INTLTOOL_MERGE) $(wildcard $(top_srcdir)/po/*.po) ; $(INTLTOOL_V_MERGE)LC_ALL=C $(INTLTOOL_MERGE) $(INTLTOOL_V_MERGE_OPTIONS) -k -u -c $(top_builddir)/po/.intltool-merge-cache $(top_srcdir)/po $< $@'
INTLTOOL_MERGE='/usr/bin/intltool-merge'
INTLTOOL_OAF_RULE='%.oaf:       %.oaf.in       $(INTLTOOL_MERGE) $(wildcard $(top_srcdir)/po/*.po) ; $(INTLTOOL_V_MERGE)LC_ALL=C $(INTLTOOL_MERGE) $(INTLTOOL_V_MERGE_OPTIONS) -o -p $(top_srcdir)/po $< $@'
INTLTOOL_PERL='/usr/bin/perl'
INTLTOOL_POLICY_RULE='%.policy:    %.policy.in    $(INTLTOOL_MERGE) $(wildcard $(top_srcdir)/po/*.po) ; $(INTLTOOL_V_MERGE)LC_ALL=C $(INTLTOOL_MERGE) $(INTLTOOL_V_MERGE_OPTIONS) -x -u -c $(top_builddir)/po/.intltool-merge-cache $(top_srcdir)/po $< $@'
INTLTOOL_PONG_RULE='%.pong:      %.pong.in      $(INTLTOOL_MERGE) $(wildcard $(top_srcdir)/po/*.po) ; $(INTLTOOL_V_MERGE)LC_ALL=C $(INTLTOOL_MERGE) $(INTLTOOL_V_MERGE_OPTIONS) -x -u -c $(top_builddir)/po/.intltool-merge-cache $(top_srcdir)/po $< $@'
INTLTOOL_PROP_RULE='%.prop:      %.prop.in      $(INTLTOOL_MERGE) $(wildcard $(top_srcdir)/po/*.po) ; $(INTLTOOL_V_MERGE)LC_ALL=C $(INTLTOOL_MERGE) $(INTLTOOL_V_MERGE_OPTIONS) -d -u -c $(top_builddir)/po/.intltool-merge-cache $(top_srcdir)/po $< $@'
INTLTOOL_SCHEMAS_RULE='%.schemas:   %.schemas.in   $(INTLTOOL_MERGE) $(wildcard $(top_srcdir)/po/*.po) ; $(INTLTOOL_V_MERGE)LC_ALL=C $(INTLTOOL_MERGE) $(INTLTOOL_V_MERGE_OPTIONS) -s -u -c $(top_builddir)/po/.intltool-merge-cache $(top_srcdir)/po $< $@'
INTLTOOL_SERVER_RULE='%.server:    %.server.in    $(INTLTOOL_MERGE) $(wildcard $(top_srcdir)/po/*.po) ; $(INTLTOOL_V_MERGE)LC_ALL=C $(INTLTOOL_MERGE) $(INTLTOOL_V_MERGE_OPTIONS) -o -u -c $(top_builddir)/po/.intltool-merge-cache $(top_srcdir)/po $< $@'
INTLTOOL_SERVICE_RULE='%.service: %.service.in   $(INTLTOOL_MERGE) $(wildcard $(top_srcdir)/po/*.po) ; $(INTLTOOL_V_MERGE)LC_ALL=C $(INTLTOOL_MERGE) $(INTLTOOL_V_MERGE_OPTIONS) -d -u -c $(top_builddir)/po/.intltool-merge-cache $(top_srcdir)/po $< $@'
INTLTOOL_SHEET_RULE='%.sheet:     %.sheet.in     $(INTLTOOL_MERGE) $(wildcard $(top_srcdir)/po/*.po) ; $(INTLTOOL_V_MERGE)LC_ALL=C $(INTLTOOL_MERGE) $(INTLTOOL_V_MERGE_OPTIONS) -x -u -c $(top_builddir)/po/.intltool-merge-cache $(top_srcdir)/po $< $@'
INTLTOOL_SOUNDLIST_RULE='%.soundlist: %.soundlist.in $(INTLTOOL_MERGE) $(wildcard $(top_srcdir)/po/*.po) ; $(INTLTOOL_V_MERGE)LC_ALL=C $(INTLTOOL_MERGE) $(INTLTOOL_V_MERGE_OPTIONS) -d -u -c $(top_builddir)/po/.intltool-merge-cache $(top_srcdir)/po $< $@'
INTLTOOL_THEME_RULE='%.theme:     %.theme.in     $(INTLTOOL_MERGE) $(wildcard $(top_srcdir)/po/*.po) ; $(INTLTOOL_V_MERGE)LC_ALL=C $(INTLTOOL_MERGE) $(INTLTOOL_V_MERGE_OPTIONS) -d -u -c $(top_builddir)/po/.intltool-merge-cache $(top_srcdir)/po $< $@'
INTLTOOL_UI_RULE='%.ui:        %.ui.in        $(INTLTOOL_MERGE) $(wildcard $(top_srcdir)/po/*.po) ; $(INTLTOOL_V_MERGE)LC_ALL=C $(INTLTOOL_MERGE) $(INTLTOOL_V_MERGE_OPTIONS) -x -u -c $(top_builddir)/po/.intltool-merge-cache $(top_srcdir)/po $< $@'
INTLTOOL_UPDATE='/usr/bin/intltool-update'
INTLTOOL_V_MERGE='$(INTLTOOL__v_MERGE_$(V))'
INTLTOOL_V_MERGE_OPTIONS='$(intltool__v_merge_options_$(V))'
INTLTOOL_XAM_RULE='%.xam:       %.xml.in       $(INTLTOOL_MERGE) $(wildcard $(top_srcdir)/po/*.po) ; $(INTLTOOL_V_MERGE)LC_ALL=C $(INTLTOOL_MERGE) $(INTLTOOL_V_MERGE_OPTIONS) -x -u -c $(top_builddir)/po/.intltool-merge-cache $(top_srcdir)/po $< $@'
INTLTOOL_XML_NOMERGE_RULE='%.xml:       %.xml.in       $(INTLTOOL_MERGE) ; $(INTLTOOL_V_MERGE)LC_ALL=C $(INTLTOOL_MERGE) $(INTLTOOL_V_MERGE_OPTIONS) -x -u --no-translations $< $@'
INTLTOOL_XML_RULE='%.xml:       %.xml.in       $(INTLTOOL_MERGE) $(wildcard $(top_srcdir)/po/*.po) ; $(INTLTOOL_V_MERGE)LC_ALL=C $(INTLTOOL_MERGE) $(INTLTOOL_V_MERGE_OPTIONS) -x -u -c $(top_builddir)/po/.intltool-merge-cache $(top_srcdir)/po $< $@'
INTLTOOL__v_MERGE_0='@echo "  ITMRG " $@;'
INTLTOOL__v_MERGE_='$(INTLTOOL__v_MERGE_$(AM_DEFAULT_VERBOSITY))'
LD='/usr/bin/ld'
LDFLAGS=''
LIBOBJS=''
LIBS=''
LIBTOOL='$(SHELL) $(top_builddir)/libtool'
LIPO=''
LN_S='ln -s'
LTLIBOBJS=''
MAKEINFO='${SHELL} /home/amalbose/workspace/gamehelper/missing --run makeinfo'
MANIFEST_TOOL=':'
MKDIR_P='/bin/mkdir -p'
MKINSTALLDIRS='/home/amalbose/workspace/gamehelper/mkinstalldirs'
MSGFMT='/usr/bin/msgfmt'
MSGFMT_OPTS='-c'
MSGMERGE='/usr/bin/msgmerge'
NM='/usr/bin/nm -B'
NMEDIT=''
OBJDUMP='objdump'
OBJEXT='o'
OTOOL64=''
OTOOL=''
PACKAGE='gamehelper'
PACKAGE_BUGREPORT=''
PACKAGE_NAME='gamehelper'
PACKAGE_STRING='gamehelper 0.1'
PACKAGE_TARNAME='gamehelper'
PACKAGE_URL=''
PACKAGE_VERSION='0.1'
PATH_SEPARATOR=':'
PKG_CONFIG='/usr/bin/pkg-config'
PKG_CONFIG_LIBDIR=''
PKG_CONFIG_PATH=''
POFILES=''
POSUB='po'
PO_IN_DATADIR_FALSE=''
PO_IN_DATADIR_TRUE=''
RANLIB='ranlib'
SED='/bin/sed'
SET_MAKE=''
SHELL='/bin/bash'
STRIP='strip'
USE_NLS='yes'
VERSION='0.1'
XGETTEXT='/usr/bin/xgettext'
ac_ct_AR='ar'
ac_ct_CC='gcc'
ac_ct_CXX='g++'
ac_ct_DUMPBIN=''
am__EXEEXT_FALSE=''
am__EXEEXT_TRUE='#'
am__fastdepCC_FALSE='#'
am__fastdepCC_TRUE=''
am__fastdepCXX_FALSE='#'
am__fastdepCXX_TRUE=''
am__include='include'
am__isrc=' -I$(srcdir)'
am__leading_dot='.'
am__nodep='_no'
am__quote=''
am__tar='$${TAR-tar} chof - "$$tardir"'
am__untar='$${TAR-tar} xf -'
bindir='${exec_prefix}/bin'
build='i686-pc-linux-gnu'
build_alias=''
build_cpu='i686'
build_os='linux-gnu'
build_vendor='pc'
datadir='${datarootdir}'
datarootdir='${prefix}/share'
docdir='${datarootdir}/doc/${PACKAGE_TARNAME}'
dvidir='${docdir}'
exec_prefix='${prefix}'
host='i686-pc-linux-gnu'
host_alias=''
host_cpu='i686'
host_os='linux-gnu'
host_vendor='pc'
htmldir='${docdir}'
includedir='${prefix}/include'
infodir='${datarootdir}/info'
install_sh='${SHELL} /home/amalbose/workspace/gamehelper/install-sh'
intltool__v_merge_options_0='-q'
intltool__v_merge_options_='$(intltool__v_merge_options_$(AM_DEFAULT_VERBOSITY))'
libdir='${exec_prefix}/lib'
libexecdir='${exec_prefix}/libexec'
localedir='${datarootdir}/locale'
localstatedir='${prefix}/var'
mandir='${datarootdir}/man'
mkdir_p='/bin/mkdir -p'
oldincludedir='/usr/include'
pdfdir='${docdir}'
prefix='/usr/local'
program_transform_name='s,x,x,'
psdir='${docdir}'
sbindir='${exec_prefix}/sbin'
sharedstatedir='${prefix}/com'
sysconfdir='${prefix}/etc'
target_alias=''

## ----------- ##
## confdefs.h. ##
## ----------- ##

/* confdefs.h */
#define PACKAGE_NAME "gamehelper"
#define PACKAGE_TARNAME "gamehelper"
#define PACKAGE_VERSION "0.1"
#define PACKAGE_STRING "gamehelper 0.1"
#define PACKAGE_BUGREPORT ""
#define PACKAGE_URL ""
#define PACKAGE "gamehelper"
#define VERSION "0.1"
#define GETTEXT_PACKAGE "gamehelper"
#define STDC_HEADERS 1
#define HAVE_SYS_TYPES_H 1
#define HAVE_SYS_STAT_H 1
#define HAVE_STDLIB_H 1
#define HAVE_STRING_H 1
#define HAVE_MEMORY_H 1
#define HAVE_STRINGS_H 1
#define HAVE_INTTYPES_H 1
#define HAVE_STDINT_H 1
#define HAVE_UNISTD_H 1
#define HAVE_LOCALE_H 1
#define HAVE_LC_MESSAGES 1
#define HAVE_BIND_TEXTDOMAIN_CODESET 1
#define HAVE_GETTEXT 1
#define HAVE_DCGETTEXT 1
#define ENABLE_NLS 1
#define HAVE_DLFCN_H 1
#define LT_OBJDIR ".libs/"

configure: exit 0

## ---------------------- ##
## Running config.status. ##
## ---------------------- ##

This file was extended by gamehelper config.status 0.1, which was
generated by GNU Autoconf 2.69.  Invocation command line was

  CONFIG_FILES    = 
  CONFIG_HEADERS  = 
  CONFIG_LINKS    = 
  CONFIG_COMMANDS = 
  $ ./config.status src/Makefile depfiles

on axahome

config.status:1227: creating src/Makefile
config.status:1441: executing depfiles commands

## ---------------------- ##
## Running config.status. ##
## ---------------------- ##

This file was extended by gamehelper config.status 0.1, which was
generated by GNU Autoconf 2.69.  Invocation command line was

  CONFIG_FILES    = 
  CONFIG_HEADERS  = 
  CONFIG_LINKS    = 
  CONFIG_COMMANDS = 
  $ ./config.status src/Makefile depfiles

on axahome

config.status:1227: creating src/Makefile
config.status:1441: executing depfiles commands

## ---------------------- ##
## Running config.status. ##
## ---------------------- ##

This file was extended by gamehelper config.status 0.1, which was
generated by GNU Autoconf 2.69.  Invocation command line was

  CONFIG_FILES    = 
  CONFIG_HEADERS  = 
  CONFIG_LINKS    = 
  CONFIG_COMMANDS = 
  $ ./config.status src/Makefile depfiles

on axahome

config.status:1227: creating src/Makefile
config.status:1441: executing depfiles commands

## ---------------------- ##
## Running config.status. ##
## ---------------------- ##

This file was extended by gamehelper config.status 0.1, which was
generated by GNU Autoconf 2.69.  Invocation command line was

  CONFIG_FILES    = 
  CONFIG_HEADERS  = 
  CONFIG_LINKS    = 
  CONFIG_COMMANDS = 
  $ ./config.status src/Makefile depfiles

on axahome

config.status:1227: creating src/Makefile
config.status:1441: executing depfiles commands

## ---------------------- ##
## Running config.status. ##
## ---------------------- ##

This file was extended by gamehelper config.status 0.1, which was
generated by GNU Autoconf 2.69.  Invocation command line was

  CONFIG_FILES    = 
  CONFIG_HEADERS  = 
  CONFIG_LINKS    = 
  CONFIG_COMMANDS = 
  $ ./config.status src/Makefile depfiles

on axahome

config.status:1227: creating src/Makefile
config.status:1441: executing depfiles commands

## ---------------------- ##
## Running config.status. ##
## ---------------------- ##

This file was extended by gamehelper config.status 0.1, which was
generated by GNU Autoconf 2.69.  Invocation command line was

  CONFIG_FILES    = 
  CONFIG_HEADERS  = 
  CONFIG_LINKS    = 
  CONFIG_COMMANDS = 
  $ ./config.status src/Makefile depfiles

on axahome

config.status:1227: creating src/Makefile
config.status:1441: executing depfiles commands

## ---------------------- ##
## Running config.status. ##
## ---------------------- ##

This file was extended by gamehelper config.status 0.1, which was
generated by GNU Autoconf 2.69.  Invocation command line was

  CONFIG_FILES    = 
  CONFIG_HEADERS  = 
  CONFIG_LINKS    = 
  CONFIG_COMMANDS = 
  $ ./config.status src/Makefile depfiles

on axahome

config.status:1227: creating src/Makefile
config.status:1441: executing depfiles commands

## ---------------------- ##
## Running config.status. ##
## ---------------------- ##

This file was extended by gamehelper config.status 0.1, which was
generated by GNU Autoconf 2.69.  Invocation command line was

  CONFIG_FILES    = 
  CONFIG_HEADERS  = 
  CONFIG_LINKS    = 
  CONFIG_COMMANDS = 
  $ ./config.status src/Makefile depfiles

on axahome

config.status:1227: creating src/Makefile
config.status:1441: executing depfiles commands

## ---------------------- ##
## Running config.status. ##
## ---------------------- ##

This file was extended by gamehelper config.status 0.1, which was
generated by GNU Autoconf 2.69.  Invocation command line was

  CONFIG_FILES    = 
  CONFIG_HEADERS  = 
  CONFIG_LINKS    = 
  CONFIG_COMMANDS = 
  $ ./config.status src/Makefile depfiles

on axahome

config.status:1227: creating src/Makefile
config.status:1441: executing depfiles commands

## ---------------------- ##
## Running config.status. ##
## ---------------------- ##

This file was extended by gamehelper config.status 0.1, which was
generated by GNU Autoconf 2.69.  Invocation command line was

  CONFIG_FILES    = 
  CONFIG_HEADERS  = 
  CONFIG_LINKS    = 
  CONFIG_COMMANDS = 
  $ ./config.status src/Makefile depfiles

on axahome

config.status:1227: creating src/Makefile
config.status:1441: executing depfiles commands
